<?xml version="1.0" encoding="UTF-8"?>
<robot generator="Robot 5.0.1 (Python 3.9.12 on win32)" generated="20221025 18:13:12.377" rpa="false" schemaversion="3">
<suite id="s1" name="ProvaTecnica GREat" source="C:\Users\Arthur\Desktop\ProvaTecnica_GREat">
<suite id="s1-s1" name="Automation" source="C:\Users\Arthur\Desktop\ProvaTecnica_GREat\automation.robot">
<test id="s1-s1-t1" name="Cenário de teste" line="10">
<kw name="Open the browser" library="resource">
<kw name="Open Browser" library="SeleniumLibrary">
<arg>about:blank</arg>
<arg>${BROWSER}</arg>
<doc>Opens a new browser instance to the optional ``url``.</doc>
<msg timestamp="20221025 18:13:12.594" level="INFO">Opening browser 'chrome' to base url 'about:blank'.</msg>
<status status="PASS" starttime="20221025 18:13:12.593" endtime="20221025 18:13:13.703"/>
</kw>
<status status="PASS" starttime="20221025 18:13:12.593" endtime="20221025 18:13:13.704"/>
</kw>
<kw name="Go to Testlink home page" library="resource">
<kw name="Go To" library="SeleniumLibrary">
<arg>${URL}</arg>
<doc>Navigates the current browser window to the provided ``url``.</doc>
<msg timestamp="20221025 18:13:13.705" level="INFO">Opening url 'https://testlink.org/'</msg>
<status status="PASS" starttime="20221025 18:13:13.705" endtime="20221025 18:13:16.780"/>
</kw>
<status status="PASS" starttime="20221025 18:13:13.704" endtime="20221025 18:13:16.780"/>
</kw>
<kw name="Check if it's in page of TestLink" library="resource">
<kw name="Wait Until Element Is Visible" library="SeleniumLibrary">
<arg>xpath=${VERIFICATION_1TL}</arg>
<doc>Waits until the element ``locator`` is visible.</doc>
<status status="PASS" starttime="20221025 18:13:16.782" endtime="20221025 18:13:16.800"/>
</kw>
<kw name="Title Should Be" library="SeleniumLibrary">
<arg>${TITLE_TL}</arg>
<doc>Verifies that the current page title equals ``title``.</doc>
<msg timestamp="20221025 18:13:16.803" level="INFO">Page title is 'TestLink'.</msg>
<status status="PASS" starttime="20221025 18:13:16.800" endtime="20221025 18:13:16.804"/>
</kw>
<kw name="Page Should Contain Element" library="SeleniumLibrary">
<arg>xpath=${VERIFICATION_1TL}</arg>
<doc>Verifies that element ``locator`` is found on the current page.</doc>
<msg timestamp="20221025 18:13:16.809" level="INFO">Current page contains element 'xpath=/html/body/div/div[1]/h3'.</msg>
<status status="PASS" starttime="20221025 18:13:16.804" endtime="20221025 18:13:16.810"/>
</kw>
<kw name="Page Should Contain Element" library="SeleniumLibrary">
<arg>xpath=${VERIFICATION_2TL}</arg>
<doc>Verifies that element ``locator`` is found on the current page.</doc>
<msg timestamp="20221025 18:13:16.818" level="INFO">Current page contains element 'xpath=/html/body/div/div[2]/h1'.</msg>
<status status="PASS" starttime="20221025 18:13:16.810" endtime="20221025 18:13:16.819"/>
</kw>
<kw name="Page Should Contain Element" library="SeleniumLibrary">
<arg>xpath=${VERIFICATION_3TL}</arg>
<doc>Verifies that element ``locator`` is found on the current page.</doc>
<msg timestamp="20221025 18:13:16.828" level="INFO">Current page contains element 'xpath=/html/body/div/div[3]/div'.</msg>
<status status="PASS" starttime="20221025 18:13:16.819" endtime="20221025 18:13:16.829"/>
</kw>
<status status="PASS" starttime="20221025 18:13:16.781" endtime="20221025 18:13:16.829"/>
</kw>
<kw name="Click on the github link" library="resource">
<kw name="Click Element" library="SeleniumLibrary">
<arg>xpath=${GITHUB_LINK}</arg>
<doc>Click the element identified by ``locator``.</doc>
<msg timestamp="20221025 18:13:16.831" level="INFO">Clicking element 'xpath=/html/body/div/div[3]/div/a[3]'.</msg>
<status status="PASS" starttime="20221025 18:13:16.830" endtime="20221025 18:13:18.320"/>
</kw>
<status status="PASS" starttime="20221025 18:13:16.830" endtime="20221025 18:13:18.320"/>
</kw>
<kw name="Check if it's in page of Github" library="resource">
<kw name="Wait Until Element Is Visible" library="SeleniumLibrary">
<arg>xpath=${VERIFICATION_1GH}</arg>
<doc>Waits until the element ``locator`` is visible.</doc>
<status status="PASS" starttime="20221025 18:13:18.321" endtime="20221025 18:13:18.341"/>
</kw>
<kw name="Title Should Be" library="SeleniumLibrary">
<arg>${TITLE_GH}</arg>
<doc>Verifies that the current page title equals ``title``.</doc>
<msg timestamp="20221025 18:13:18.344" level="INFO">Page title is 'GitHub - TestLinkOpenSourceTRMS/testlink-code at testlink_1_9_20_fixed'.</msg>
<status status="PASS" starttime="20221025 18:13:18.341" endtime="20221025 18:13:18.346"/>
</kw>
<kw name="Page Should Contain Element" library="SeleniumLibrary">
<arg>xpath=${VERIFICATION_1GH}</arg>
<doc>Verifies that element ``locator`` is found on the current page.</doc>
<msg timestamp="20221025 18:13:18.352" level="INFO">Current page contains element 'xpath=//*[@id="repo-content-pjax-container"]/div/div/div[3]/div[1]'.</msg>
<status status="PASS" starttime="20221025 18:13:18.346" endtime="20221025 18:13:18.353"/>
</kw>
<kw name="Element Text Should Be" library="SeleniumLibrary">
<arg>xpath=${VERIFICATION_2GH}</arg>
<arg>TestLink Open Source Test &amp; Requirement Management System</arg>
<doc>Verifies that element ``locator`` contains exact the text ``expected``.</doc>
<msg timestamp="20221025 18:13:18.354" level="INFO">Verifying element 'xpath=//*[@id="repo-content-pjax-container"]/div/div/div[3]/div[2]/div/div[1]/div/p' contains exact text 'TestLink Open Source Test &amp; Requirement Management System'.</msg>
<status status="PASS" starttime="20221025 18:13:18.353" endtime="20221025 18:13:18.372"/>
</kw>
<status status="PASS" starttime="20221025 18:13:18.321" endtime="20221025 18:13:18.372"/>
</kw>
<kw name="Do a search on github" library="resource">
<kw name="Input Text" library="SeleniumLibrary">
<arg>xpath=${SEARCH1}</arg>
<arg>${SEARCH0}</arg>
<doc>Types the given ``text`` into the text field identified by ``locator``.</doc>
<msg timestamp="20221025 18:13:18.374" level="INFO">Typing text 'Hacktoberfest' into text field 'xpath=/html/body/div[1]/header/div/div[2]/div/div/div[1]/div/div/form/label/input[1]'.</msg>
<status status="PASS" starttime="20221025 18:13:18.373" endtime="20221025 18:13:18.454"/>
</kw>
<kw name="Wait Until Element Is Visible" library="SeleniumLibrary">
<arg>${SEARCH2}</arg>
<doc>Waits until the element ``locator`` is visible.</doc>
<status status="PASS" starttime="20221025 18:13:18.454" endtime="20221025 18:13:18.687"/>
</kw>
<kw name="Click Element" library="SeleniumLibrary">
<arg>${SEARCH2}</arg>
<doc>Click the element identified by ``locator``.</doc>
<msg timestamp="20221025 18:13:18.687" level="INFO">Clicking element '//*[@id="jump-to-suggestion-search-global"]'.</msg>
<status status="PASS" starttime="20221025 18:13:18.687" endtime="20221025 18:13:19.535"/>
</kw>
<status status="PASS" starttime="20221025 18:13:18.373" endtime="20221025 18:13:19.535"/>
</kw>
<kw name="Check search result" library="resource">
<kw name="Page Should Contain" library="SeleniumLibrary">
<arg>${SEARCH0}</arg>
<doc>Verifies that current page contains ``text``.</doc>
<msg timestamp="20221025 18:13:19.555" level="INFO">Current page contains text 'Hacktoberfest'.</msg>
<status status="PASS" starttime="20221025 18:13:19.536" endtime="20221025 18:13:19.557"/>
</kw>
<status status="PASS" starttime="20221025 18:13:19.536" endtime="20221025 18:13:19.558"/>
</kw>
<kw name="Click in result" library="resource">
<kw name="Click Link" library="SeleniumLibrary">
<arg>xpath=${ENTER_SEARCH}</arg>
<doc>Clicks a link identified by ``locator``.</doc>
<msg timestamp="20221025 18:13:19.560" level="INFO">Clicking link 'xpath=/html/body/div[4]/main/div/div[3]/div/div[1]/div/div[1]/a'.</msg>
<status status="PASS" starttime="20221025 18:13:19.559" endtime="20221025 18:13:19.646"/>
</kw>
<kw name="Wait Until Page Contains Element" library="SeleniumLibrary">
<arg>xpath=${WAIT_ENTER}</arg>
<doc>Waits until the element ``locator`` appears on the current page.</doc>
<status status="PASS" starttime="20221025 18:13:19.646" endtime="20221025 18:13:22.258"/>
</kw>
<kw name="Element Should Contain" library="SeleniumLibrary">
<arg>xpath=${CHECK_ENTER}</arg>
<arg>${SEARCH0}</arg>
<doc>Verifies that element ``locator`` contains text ``expected``.</doc>
<msg timestamp="20221025 18:13:22.276" level="INFO">Element 'xpath=/html/body/div[4]/main/div[2]/div[1]/div[1]/h1' contains text 'Hacktoberfest'.</msg>
<status status="PASS" starttime="20221025 18:13:22.258" endtime="20221025 18:13:22.277"/>
</kw>
<status status="PASS" starttime="20221025 18:13:19.558" endtime="20221025 18:13:22.278"/>
</kw>
<kw name="Close the browser" library="resource">
<kw name="Close Browser" library="SeleniumLibrary">
<doc>Closes the current browser.</doc>
<status status="PASS" starttime="20221025 18:13:22.279" endtime="20221025 18:13:24.365"/>
</kw>
<status status="PASS" starttime="20221025 18:13:22.278" endtime="20221025 18:13:24.366"/>
</kw>
<status status="PASS" starttime="20221025 18:13:12.592" endtime="20221025 18:13:24.368"/>
</test>
<status status="PASS" starttime="20221025 18:13:12.408" endtime="20221025 18:13:24.377"/>
</suite>
<status status="PASS" starttime="20221025 18:13:12.388" endtime="20221025 18:13:24.389"/>
</suite>
<statistics>
<total>
<stat pass="1" fail="0" skip="0">All Tests</stat>
</total>
<tag>
</tag>
<suite>
<stat pass="1" fail="0" skip="0" id="s1" name="ProvaTecnica GREat">ProvaTecnica GREat</stat>
<stat pass="1" fail="0" skip="0" id="s1-s1" name="Automation">ProvaTecnica GREat.Automation</stat>
</suite>
</statistics>
<errors>
</errors>
</robot>
