<?xml version="1.0" encoding="UTF-8"?>
<robot generator="Robot 5.0.1 (Python 3.9.12 on win32)" generated="20221025 17:58:27.424" rpa="false" schemaversion="3">
<suite id="s1" name="Automation" source="C:\Users\Arthur\Desktop\ProvaTecnica_GREat\automation.robot">
<test id="s1-t1" name="Cenário de teste" line="10">
<kw name="Open the browser" library="resource">
<kw name="Open Browser" library="SeleniumLibrary">
<arg>about:blank</arg>
<arg>${BROWSER}</arg>
<doc>Opens a new browser instance to the optional ``url``.</doc>
<msg timestamp="20221025 17:58:27.614" level="INFO">Opening browser 'chrome' to base url 'about:blank'.</msg>
<status status="PASS" starttime="20221025 17:58:27.614" endtime="20221025 17:58:28.884"/>
</kw>
<status status="PASS" starttime="20221025 17:58:27.614" endtime="20221025 17:58:28.884"/>
</kw>
<kw name="Go to Testlink home page" library="resource">
<kw name="Go To" library="SeleniumLibrary">
<arg>${URL}</arg>
<doc>Navigates the current browser window to the provided ``url``.</doc>
<msg timestamp="20221025 17:58:28.885" level="INFO">Opening url 'https://testlink.org/'</msg>
<status status="PASS" starttime="20221025 17:58:28.885" endtime="20221025 17:58:32.317"/>
</kw>
<status status="PASS" starttime="20221025 17:58:28.884" endtime="20221025 17:58:32.318"/>
</kw>
<kw name="Check if it's in page of TestLink" library="resource">
<kw name="Wait Until Element Is Visible" library="SeleniumLibrary">
<arg>xpath=${VERIFICATION_1TL}</arg>
<doc>Waits until the element ``locator`` is visible.</doc>
<status status="PASS" starttime="20221025 17:58:32.319" endtime="20221025 17:58:32.354"/>
</kw>
<kw name="Title Should Be" library="SeleniumLibrary">
<arg>${TITLE_TL}</arg>
<doc>Verifies that the current page title equals ``title``.</doc>
<msg timestamp="20221025 17:58:32.358" level="INFO">Page title is 'TestLink'.</msg>
<status status="PASS" starttime="20221025 17:58:32.354" endtime="20221025 17:58:32.358"/>
</kw>
<kw name="Page Should Contain Element" library="SeleniumLibrary">
<arg>xpath=${VERIFICATION_1TL}</arg>
<doc>Verifies that element ``locator`` is found on the current page.</doc>
<msg timestamp="20221025 17:58:32.363" level="INFO">Current page contains element 'xpath=/html/body/div/div[1]/h3'.</msg>
<status status="PASS" starttime="20221025 17:58:32.358" endtime="20221025 17:58:32.363"/>
</kw>
<kw name="Page Should Contain Element" library="SeleniumLibrary">
<arg>xpath=${VERIFICATION_2TL}</arg>
<doc>Verifies that element ``locator`` is found on the current page.</doc>
<msg timestamp="20221025 17:58:32.371" level="INFO">Current page contains element 'xpath=/html/body/div/div[2]/h1'.</msg>
<status status="PASS" starttime="20221025 17:58:32.364" endtime="20221025 17:58:32.371"/>
</kw>
<kw name="Page Should Contain Element" library="SeleniumLibrary">
<arg>xpath=${VERIFICATION_3TL}</arg>
<doc>Verifies that element ``locator`` is found on the current page.</doc>
<msg timestamp="20221025 17:58:32.379" level="INFO">Current page contains element 'xpath=/html/body/div/div[3]/div'.</msg>
<status status="PASS" starttime="20221025 17:58:32.371" endtime="20221025 17:58:32.379"/>
</kw>
<status status="PASS" starttime="20221025 17:58:32.318" endtime="20221025 17:58:32.379"/>
</kw>
<kw name="Click on the github link" library="resource">
<kw name="Click Element" library="SeleniumLibrary">
<arg>xpath=${GITHUB_LINK}</arg>
<doc>Click the element identified by ``locator``.</doc>
<msg timestamp="20221025 17:58:32.380" level="INFO">Clicking element 'xpath=/html/body/div/div[3]/div/a[3]'.</msg>
<status status="PASS" starttime="20221025 17:58:32.380" endtime="20221025 17:58:33.856"/>
</kw>
<status status="PASS" starttime="20221025 17:58:32.379" endtime="20221025 17:58:33.856"/>
</kw>
<kw name="Check if it's in page of Github" library="resource">
<kw name="Wait Until Element Is Visible" library="SeleniumLibrary">
<arg>xpath=${VERIFICATION_1GH}</arg>
<doc>Waits until the element ``locator`` is visible.</doc>
<status status="PASS" starttime="20221025 17:58:33.857" endtime="20221025 17:58:33.877"/>
</kw>
<kw name="Title Should Be" library="SeleniumLibrary">
<arg>${TITLE_GH}</arg>
<doc>Verifies that the current page title equals ``title``.</doc>
<msg timestamp="20221025 17:58:33.880" level="INFO">Page title is 'GitHub - TestLinkOpenSourceTRMS/testlink-code at testlink_1_9_20_fixed'.</msg>
<status status="PASS" starttime="20221025 17:58:33.877" endtime="20221025 17:58:33.880"/>
</kw>
<kw name="Page Should Contain Element" library="SeleniumLibrary">
<arg>xpath=${VERIFICATION_1GH}</arg>
<doc>Verifies that element ``locator`` is found on the current page.</doc>
<msg timestamp="20221025 17:58:33.885" level="INFO">Current page contains element 'xpath=//*[@id="repo-content-pjax-container"]/div/div/div[3]/div[1]'.</msg>
<status status="PASS" starttime="20221025 17:58:33.880" endtime="20221025 17:58:33.885"/>
</kw>
<kw name="Element Text Should Be" library="SeleniumLibrary">
<arg>xpath=${VERIFICATION_2GH}</arg>
<arg>TestLink Open Source Test &amp; Requirement Management System</arg>
<doc>Verifies that element ``locator`` contains exact the text ``expected``.</doc>
<msg timestamp="20221025 17:58:33.886" level="INFO">Verifying element 'xpath=//*[@id="repo-content-pjax-container"]/div/div/div[3]/div[2]/div/div[1]/div/p' contains exact text 'TestLink Open Source Test &amp; Requirement Management System'.</msg>
<status status="PASS" starttime="20221025 17:58:33.886" endtime="20221025 17:58:33.903"/>
</kw>
<status status="PASS" starttime="20221025 17:58:33.856" endtime="20221025 17:58:33.904"/>
</kw>
<kw name="Do a search on github" library="resource">
<kw name="Input Text" library="SeleniumLibrary">
<arg>xpath=${SEARCH1}</arg>
<arg>${SEARCH0}</arg>
<doc>Types the given ``text`` into the text field identified by ``locator``.</doc>
<msg timestamp="20221025 17:58:33.905" level="INFO">Typing text 'Hacktoberfest' into text field 'xpath=/html/body/div[1]/header/div/div[2]/div/div/div[1]/div/div/form/label/input[1]'.</msg>
<status status="PASS" starttime="20221025 17:58:33.904" endtime="20221025 17:58:33.975"/>
</kw>
<kw name="Wait Until Element Is Visible" library="SeleniumLibrary">
<arg>${SEARCH2}</arg>
<doc>Waits until the element ``locator`` is visible.</doc>
<status status="PASS" starttime="20221025 17:58:33.975" endtime="20221025 17:58:34.215"/>
</kw>
<kw name="Click Element" library="SeleniumLibrary">
<arg>${SEARCH2}</arg>
<doc>Click the element identified by ``locator``.</doc>
<msg timestamp="20221025 17:58:34.215" level="INFO">Clicking element '//*[@id="jump-to-suggestion-search-global"]'.</msg>
<status status="PASS" starttime="20221025 17:58:34.215" endtime="20221025 17:58:34.961"/>
</kw>
<status status="PASS" starttime="20221025 17:58:33.904" endtime="20221025 17:58:34.962"/>
</kw>
<kw name="Check search result" library="resource">
<kw name="Page Should Contain" library="SeleniumLibrary">
<arg>${SEARCH0}</arg>
<doc>Verifies that current page contains ``text``.</doc>
<msg timestamp="20221025 17:58:34.976" level="INFO">Current page contains text 'Hacktoberfest'.</msg>
<status status="PASS" starttime="20221025 17:58:34.962" endtime="20221025 17:58:34.976"/>
</kw>
<status status="PASS" starttime="20221025 17:58:34.962" endtime="20221025 17:58:34.977"/>
</kw>
<kw name="Click in result" library="resource">
<kw name="Click Link" library="SeleniumLibrary">
<arg>xpath=${ENTER_SEARCH}</arg>
<doc>Clicks a link identified by ``locator``.</doc>
<msg timestamp="20221025 17:58:34.977" level="INFO">Clicking link 'xpath=/html/body/div[4]/main/div/div[3]/div/div[1]/div/div[1]/a'.</msg>
<status status="PASS" starttime="20221025 17:58:34.977" endtime="20221025 17:58:35.024"/>
</kw>
<kw name="Wait Until Page Contains Element" library="SeleniumLibrary">
<arg>xpath=${WAIT_ENTER}</arg>
<doc>Waits until the element ``locator`` appears on the current page.</doc>
<status status="PASS" starttime="20221025 17:58:35.024" endtime="20221025 17:58:37.293"/>
</kw>
<kw name="Element Should Contain" library="SeleniumLibrary">
<arg>xpath=${CHECK_ENTER}</arg>
<arg>${SEARCH0}</arg>
<doc>Verifies that element ``locator`` contains text ``expected``.</doc>
<msg timestamp="20221025 17:58:37.309" level="INFO">Element 'xpath=/html/body/div[4]/main/div[2]/div[1]/div[1]/h1' contains text 'Hacktoberfest'.</msg>
<status status="PASS" starttime="20221025 17:58:37.293" endtime="20221025 17:58:37.309"/>
</kw>
<status status="PASS" starttime="20221025 17:58:34.977" endtime="20221025 17:58:37.309"/>
</kw>
<status status="PASS" starttime="20221025 17:58:27.613" endtime="20221025 17:58:37.309"/>
</test>
<status status="PASS" starttime="20221025 17:58:27.425" endtime="20221025 17:58:37.310"/>
</suite>
<statistics>
<total>
<stat pass="1" fail="0" skip="0">All Tests</stat>
</total>
<tag>
</tag>
<suite>
<stat pass="1" fail="0" skip="0" id="s1" name="Automation">Automation</stat>
</suite>
</statistics>
<errors>
</errors>
</robot>
